<?xml version="1.0" encoding="UTF-8"?>
<!-- Generated by org.testng.reporters.JUnitXMLReporter -->
<testsuite hostname="DESKTOP-QGI7A6A" ignored="0" name="Command line test" tests="6" failures="0" timestamp="2020-07-18T10:40:15 IST" time="0.098" errors="0">
  <testcase name="LinkdinLogin" time="0.012" classname="MavenPriject.MavenJava.ApiTest"/>
  <testcase name="LinkedinLogout" time="0.0" classname="MavenPriject.MavenJava.ApiTest"/>
  <testcase name="FbLogin" time="0.001" classname="MavenPriject.MavenJava.AppiumTest"/>
  <testcase name="FbLogout" time="0.0" classname="MavenPriject.MavenJava.AppiumTest"/>
  <testcase name="JiraLogout" time="0.0" classname="MavenPriject.MavenJava.SeleniumTest"/>
  <testcase name="JiratLogin" time="0.0" classname="MavenPriject.MavenJava.SeleniumTest"/>
</testsuite> <!-- Command line test -->
