<?xml version="1.0" encoding="UTF-8"?>
<!-- Generated by org.testng.reporters.JUnitXMLReporter -->
<testsuite hostname="DESKTOP-QGI7A6A" ignored="0" name="Test" tests="4" failures="0" timestamp="2020-07-17T15:24:57 IST" time="0.063" errors="0">
  <testcase name="JiraLogout" time="0.0" classname="MavenPriject.MavenJava.SeleniumTest"/>
  <testcase name="JiratLogin" time="0.0" classname="MavenPriject.MavenJava.SeleniumTest"/>
  <testcase name="LinkdinLogin" time="0.0" classname="MavenPriject.MavenJava.ApiTest"/>
  <testcase name="LinkedinLogout" time="0.0" classname="MavenPriject.MavenJava.ApiTest"/>
</testsuite> <!-- Test -->
